<?xml version="1.0" encoding="UTF-8"?>
<!-- Generated by org.testng.reporters.JUnitReportReporter -->
<testsuite skipped="0" hostname="GYAN-LAB-PC5" name="com.btes.marketing.Testing" tests="1" failures="0" timestamp="14 Oct 2019 05:27:34 GMT" time="0.016" errors="0">
  <testcase name="start" time="0.016" classname="com.btes.marketing.Testing"/>
</testsuite> <!-- com.btes.marketing.Testing -->
