<?xml version="1.0" encoding="UTF-8"?>
<!-- Generated by org.testng.reporters.JUnitReportReporter -->
<testsuite skipped="0" hostname="GYAN-LAB-PC5" name="com.btes.Tests.Testing" tests="1" failures="0" timestamp="14 Oct 2019 05:29:54 GMT" time="0.000" errors="0">
  <testcase name="start" time="0.000" classname="com.btes.Tests.Testing"/>
</testsuite> <!-- com.btes.Tests.Testing -->
